{
  "C:\\Users\\Clara\\dev\\w5\\monuments-back\\src\\server\\controllers\\pingController\\pingController.ts": {
    "path": "C:\\Users\\Clara\\dev\\w5\\monuments-back\\src\\server\\controllers\\pingController\\pingController.ts",
    "statementMap": {
      "0": {
        "start": { "line": 3, "column": 23 },
        "end": { "line": 5, "column": 1 }
      },
      "1": {
        "start": { "line": 4, "column": 2 },
        "end": { "line": 4, "column": 47 }
      },
      "2": {
        "start": { "line": 7, "column": 0 },
        "end": { "line": 7, "column": 30 }
      }
    },
    "fnMap": {
      "0": {
        "name": "(anonymous_0)",
        "decl": {
          "start": { "line": 3, "column": 23 },
          "end": { "line": 3, "column": 24 }
        },
        "loc": {
          "start": { "line": 3, "column": 62 },
          "end": { "line": 5, "column": 1 }
        }
      }
    },
    "branchMap": {},
    "s": { "0": 1, "1": 2, "2": 1 },
    "f": { "0": 2 },
    "b": {}
  },
  "C:\\Users\\Clara\\dev\\w5\\monuments-back\\src\\server\\middlewares\\errorsMidlewares.ts": {
    "path": "C:\\Users\\Clara\\dev\\w5\\monuments-back\\src\\server\\middlewares\\errorsMidlewares.ts",
    "statementMap": {
      "0": {
        "start": { "line": 1, "column": 0 },
        "end": { "line": 1, "column": 26 }
      },
      "1": {
        "start": { "line": 3, "column": 0 },
        "end": { "line": 3, "column": 62 }
      },
      "2": {
        "start": { "line": 5, "column": 29 },
        "end": { "line": 13, "column": 1 }
      },
      "3": {
        "start": { "line": 10, "column": 16 },
        "end": { "line": 10, "column": 58 }
      },
      "4": {
        "start": { "line": 12, "column": 2 },
        "end": { "line": 12, "column": 14 }
      },
      "5": {
        "start": { "line": 5, "column": 13 },
        "end": { "line": 5, "column": 29 }
      },
      "6": {
        "start": { "line": 15, "column": 28 },
        "end": { "line": 26, "column": 1 }
      },
      "7": {
        "start": { "line": 21, "column": 21 },
        "end": { "line": 21, "column": 44 }
      },
      "8": {
        "start": { "line": 23, "column": 2 },
        "end": { "line": 23, "column": 45 }
      },
      "9": {
        "start": { "line": 25, "column": 2 },
        "end": { "line": 25, "column": 61 }
      },
      "10": {
        "start": { "line": 15, "column": 13 },
        "end": { "line": 15, "column": 28 }
      }
    },
    "fnMap": {
      "0": {
        "name": "(anonymous_1)",
        "decl": {
          "start": { "line": 5, "column": 29 },
          "end": { "line": 5, "column": null }
        },
        "loc": {
          "start": { "line": 9, "column": 4 },
          "end": { "line": 13, "column": 1 }
        }
      },
      "1": {
        "name": "(anonymous_2)",
        "decl": {
          "start": { "line": 15, "column": 28 },
          "end": { "line": 15, "column": null }
        },
        "loc": {
          "start": { "line": 20, "column": 4 },
          "end": { "line": 26, "column": 1 }
        }
      }
    },
    "branchMap": {
      "0": {
        "loc": {
          "start": { "line": 21, "column": 21 },
          "end": { "line": 21, "column": 44 }
        },
        "type": "binary-expr",
        "locations": [
          {
            "start": { "line": 21, "column": 21 },
            "end": { "line": 21, "column": 37 }
          },
          {
            "start": { "line": 21, "column": 41 },
            "end": { "line": 21, "column": 44 }
          }
        ]
      }
    },
    "s": {
      "0": 0,
      "1": 0,
      "2": 0,
      "3": 0,
      "4": 0,
      "5": 0,
      "6": 0,
      "7": 0,
      "8": 0,
      "9": 0,
      "10": 0
    },
    "f": { "0": 0, "1": 0 },
    "b": { "0": [0, 0] }
  },
  "C:\\Users\\Clara\\dev\\w5\\monuments-back\\src\\server\\middlewares\\errors\\ServerError\\ServerError.ts": {
    "path": "C:\\Users\\Clara\\dev\\w5\\monuments-back\\src\\server\\middlewares\\errors\\ServerError\\ServerError.ts",
    "statementMap": {
      "0": {
        "start": { "line": 6, "column": 4 },
        "end": { "line": 6, "column": 19 }
      },
      "1": {
        "start": { "line": 4, "column": 11 },
        "end": { "line": 4, "column": 29 }
      },
      "2": {
        "start": { "line": 10, "column": 0 },
        "end": { "line": 10, "column": 27 }
      }
    },
    "fnMap": {
      "0": {
        "name": "(anonymous_0)",
        "decl": {
          "start": { "line": 2, "column": 2 },
          "end": { "line": 2, "column": null }
        },
        "loc": {
          "start": { "line": 4, "column": 29 },
          "end": { "line": 7, "column": 3 }
        }
      }
    },
    "branchMap": {},
    "s": { "0": 0, "1": 0, "2": 0 },
    "f": { "0": 0 },
    "b": {}
  }
}
